b:\tete0148\dropbox\dev\c++\semaine spéciale\visual studio\projet_visite_musee\projet_visite_musee\debug\vc140.pdb
b:\tete0148\dropbox\dev\c++\semaine spéciale\visual studio\projet_visite_musee\projet_visite_musee\debug\vc140.idb
b:\tete0148\dropbox\dev\c++\semaine spéciale\visual studio\projet_visite_musee\projet_visite_musee\debug\events.obj
b:\tete0148\dropbox\dev\c++\semaine spéciale\visual studio\projet_visite_musee\projet_visite_musee\debug\ressources.obj
b:\tete0148\dropbox\dev\c++\semaine spéciale\visual studio\projet_visite_musee\projet_visite_musee\debug\sqlite3.obj
b:\tete0148\dropbox\dev\c++\semaine spéciale\visual studio\projet_visite_musee\projet_visite_musee\debug\repertoire.obj
b:\tete0148\dropbox\dev\c++\semaine spéciale\visual studio\projet_visite_musee\projet_visite_musee\debug\main.obj
b:\tete0148\dropbox\dev\c++\semaine spéciale\visual studio\projet_visite_musee\projet_visite_musee\debug\personnage.obj
b:\tete0148\dropbox\dev\c++\semaine spéciale\visual studio\projet_visite_musee\projet_visite_musee\debug\vecteur.obj
b:\tete0148\dropbox\dev\c++\semaine spéciale\visual studio\projet_visite_musee\projet_visite_musee\debug\vue.obj
b:\tete0148\dropbox\dev\c++\semaine spéciale\visual studio\projet_visite_musee\projet_visite_musee\debug\sdl2_gfxprimitives.obj
b:\tete0148\dropbox\dev\c++\semaine spéciale\visual studio\projet_visite_musee\projet_visite_musee\debug\sdl2_rotozoom.obj
b:\tete0148\dropbox\dev\c++\semaine spéciale\visual studio\projet_visite_musee\projet_visite_musee\debug\config_sdl.obj
c:\users\tendish\dropbox\semaine spéciale\visual studio\projet_visite_musee\projet_visite_musee\debug\vc140.pdb
c:\users\tendish\dropbox\semaine spéciale\visual studio\projet_visite_musee\projet_visite_musee\debug\vc140.idb
c:\users\tendish\dropbox\semaine spéciale\visual studio\projet_visite_musee\projet_visite_musee\debug\config_sdl.obj
c:\users\tendish\dropbox\semaine spéciale\visual studio\projet_visite_musee\projet_visite_musee\debug\fonctionsbd.obj
c:\users\tendish\dropbox\semaine spéciale\visual studio\projet_visite_musee\projet_visite_musee\debug\personnage.obj
c:\users\tendish\dropbox\semaine spéciale\visual studio\projet_visite_musee\projet_visite_musee\debug\sdl2_gfxprimitives.obj
c:\users\tendish\dropbox\semaine spéciale\visual studio\projet_visite_musee\projet_visite_musee\debug\vecteur.obj
b:\tete0148\dropbox\dev\c++\semaine spéciale\visual studio\projet_visite_musee\debug\projet_visite_musee.ilk
b:\tete0148\dropbox\dev\c++\semaine spéciale\visual studio\projet_visite_musee\debug\projet_visite_musee.exe
b:\tete0148\dropbox\dev\c++\semaine spéciale\visual studio\projet_visite_musee\debug\projet_visite_musee.pdb
c:\users\tendish\dropbox\semaine spéciale\visual studio\projet_visite_musee\projet_visite_musee\debug\repertoire.obj
c:\users\tendish\dropbox\semaine spéciale\visual studio\projet_visite_musee\projet_visite_musee\debug\sdl2_rotozoom.obj
c:\users\tendish\dropbox\semaine spéciale\visual studio\projet_visite_musee\projet_visite_musee\debug\sqlite3.obj
c:\users\tendish\dropbox\semaine spéciale\visual studio\projet_visite_musee\projet_visite_musee\debug\vue.obj.enc
c:\users\tendish\dropbox\semaine spéciale\visual studio\projet_visite_musee\debug\projet_visite_musee.pdb
c:\users\tendish\dropbox\semaine spéciale\visual studio\projet_visite_musee\debug\projet_visite_musee.exe
c:\users\tendish\dropbox\semaine spéciale\visual studio\projet_visite_musee\debug\projet_visite_musee.ilk
c:\users\tendish\dropbox\semaine spéciale\visual studio\projet_visite_musee\projet_visite_musee\debug\projet_v.f1fa6c5f.tlog\cl.command.1.tlog
c:\users\tendish\dropbox\semaine spéciale\visual studio\projet_visite_musee\projet_visite_musee\debug\projet_v.f1fa6c5f.tlog\cl.read.1.tlog
c:\users\tendish\dropbox\semaine spéciale\visual studio\projet_visite_musee\projet_visite_musee\debug\projet_v.f1fa6c5f.tlog\cl.write.1.tlog
c:\users\tendish\dropbox\semaine spéciale\visual studio\projet_visite_musee\projet_visite_musee\debug\projet_v.f1fa6c5f.tlog\link.command.1.tlog
c:\users\tendish\dropbox\semaine spéciale\visual studio\projet_visite_musee\projet_visite_musee\debug\projet_v.f1fa6c5f.tlog\link.read.1.tlog
c:\users\tendish\dropbox\semaine spéciale\visual studio\projet_visite_musee\projet_visite_musee\debug\projet_v.f1fa6c5f.tlog\link.write.1.tlog
